<?xml version="1.0" encoding="UTF-8"?>
<!-- Generated by org.testng.reporters.JUnitXMLReporter -->
<testsuite ignored="0" hostname="EPINCHEW008B" failures="1" tests="2" name="LoginTest" time="2.919" errors="0" timestamp="2022-08-17T18:36:36 IST">
  <testcase classname="tests.LoginTests" name="invalidLoginTest_EmptyUserEmptyPassword" time="0.677">
    <skipped/>
  </testcase> <!-- invalidLoginTest_EmptyUserEmptyPassword -->
  <testcase classname="tests.LoginTests" name="invalidLoginTest_EmptyUserEmptyPassword" time="0.235">
    <failure type="java.lang.AssertionError" message="expected:&amp;lt;Epic sadface: Username is required&amp;gt; but was:&amp;lt;Username is required&amp;gt;">
      <![CDATA[java.lang.AssertionError: expected:<Epic sadface: Username is required> but was:<Username is required>
at pages.LoginPage.verifyLoginUserName(LoginPage.java:56)
at tests.LoginTests.invalidLoginTest_EmptyUserEmptyPassword(LoginTests.java:23)
at java.base/java.util.ArrayList.forEach(ArrayList.java:1511)
... Removed 29 stack frames]]>
    </failure>
  </testcase> <!-- invalidLoginTest_EmptyUserEmptyPassword -->
</testsuite> <!-- LoginTest -->
