<?xml version="1.0" encoding="UTF-8"?>
<testng-results ignored="0" total="3" passed="3" failed="0" skipped="0">
  <reporter-output>
  </reporter-output>
  <suite started-at="2022-08-17T19:31:06 IST" name="Login Test Suite" finished-at="2022-08-17T19:31:09 IST" duration-ms="2978">
    <groups>
    </groups>
    <test started-at="2022-08-17T19:31:06 IST" name="LoginTest" finished-at="2022-08-17T19:31:09 IST" duration-ms="2978">
      <class name="tests.LoginTests">
        <test-method is-config="true" signature="classLevelSetup()[pri:0, instance:tests.LoginTests@659499f1]" started-at="2022-08-17T19:31:06 IST" name="classLevelSetup" finished-at="2022-08-17T19:31:07 IST" duration-ms="1306" status="PASS">
          <reporter-output>
          </reporter-output>
        </test-method> <!-- classLevelSetup -->
        <test-method is-config="true" signature="methodLevelSetup()[pri:0, instance:tests.LoginTests@659499f1]" started-at="2022-08-17T19:31:07 IST" name="methodLevelSetup" finished-at="2022-08-17T19:31:07 IST" duration-ms="2" status="PASS">
          <reporter-output>
          </reporter-output>
        </test-method> <!-- methodLevelSetup -->
        <test-method signature="invalidLoginTest_ValidUserNameValidPassword(java.lang.reflect.Method)[pri:0, instance:tests.LoginTests@659499f1]" started-at="2022-08-17T19:31:07 IST" name="invalidLoginTest_ValidUserNameValidPassword" description="Valid Login Scenario with username and password." finished-at="2022-08-17T19:31:08 IST" duration-ms="654" status="PASS">
          <params>
            <param index="0">
              <value>
                <![CDATA[public void tests.LoginTests.invalidLoginTest_ValidUserNameValidPassword(java.lang.reflect.Method)]]>
              </value>
            </param>
          </params>
          <reporter-output>
          </reporter-output>
        </test-method> <!-- invalidLoginTest_ValidUserNameValidPassword -->
        <test-method signature="invalidLoginTest_EmptyUserEmptyPassword(java.lang.String,java.lang.String,java.lang.String)[pri:1, instance:tests.LoginTests@659499f1]" started-at="2022-08-17T19:31:08 IST" name="invalidLoginTest_EmptyUserEmptyPassword" description="Invalid Login Scenario with empty username and password." data-provider="invalid data" finished-at="2022-08-17T19:31:08 IST" duration-ms="263" status="PASS">
          <params>
            <param index="0">
              <value>
                <![CDATA[]]>
              </value>
            </param>
            <param index="1">
              <value>
                <![CDATA[secretsauce]]>
              </value>
            </param>
            <param index="2">
              <value>
                <![CDATA[Epic sadface: Username is required]]>
              </value>
            </param>
          </params>
          <reporter-output>
          </reporter-output>
        </test-method> <!-- invalidLoginTest_EmptyUserEmptyPassword -->
        <test-method is-config="true" signature="methodLevelSetup()[pri:0, instance:tests.LoginTests@659499f1]" started-at="2022-08-17T19:31:08 IST" name="methodLevelSetup" finished-at="2022-08-17T19:31:08 IST" duration-ms="0" status="PASS">
          <reporter-output>
          </reporter-output>
        </test-method> <!-- methodLevelSetup -->
        <test-method is-config="true" signature="methodLevelSetup()[pri:0, instance:tests.LoginTests@659499f1]" started-at="2022-08-17T19:31:08 IST" name="methodLevelSetup" finished-at="2022-08-17T19:31:08 IST" duration-ms="1" status="PASS">
          <reporter-output>
          </reporter-output>
        </test-method> <!-- methodLevelSetup -->
        <test-method signature="invalidLoginTest_EmptyUserEmptyPassword(java.lang.String,java.lang.String,java.lang.String)[pri:1, instance:tests.LoginTests@659499f1]" started-at="2022-08-17T19:31:08 IST" name="invalidLoginTest_EmptyUserEmptyPassword" description="Invalid Login Scenario with empty username and password." data-provider="invalid data" finished-at="2022-08-17T19:31:09 IST" duration-ms="243" status="PASS">
          <params>
            <param index="0">
              <value>
                <![CDATA[standard_user]]>
              </value>
            </param>
            <param index="1">
              <value>
                <![CDATA[]]>
              </value>
            </param>
            <param index="2">
              <value>
                <![CDATA[Epic sadface: Password is required]]>
              </value>
            </param>
          </params>
          <reporter-output>
          </reporter-output>
        </test-method> <!-- invalidLoginTest_EmptyUserEmptyPassword -->
        <test-method is-config="true" signature="teardown()[pri:0, instance:tests.LoginTests@659499f1]" started-at="2022-08-17T19:31:09 IST" name="teardown" finished-at="2022-08-17T19:31:09 IST" duration-ms="137" status="PASS">
          <reporter-output>
          </reporter-output>
        </test-method> <!-- teardown -->
      </class> <!-- tests.LoginTests -->
    </test> <!-- LoginTest -->
  </suite> <!-- Login Test Suite -->
</testng-results>
