<?xml version="1.0" encoding="UTF-8"?>
<!-- Generated by org.testng.reporters.JUnitXMLReporter -->
<testsuite ignored="0" hostname="EPINCHEW008B" failures="0" tests="3" name="LoginTest" time="2.978" errors="0" timestamp="2022-08-17T19:31:09 IST">
  <testcase classname="tests.LoginTests" name="invalidLoginTest_ValidUserNameValidPassword" time="0.654"/>
  <testcase classname="tests.LoginTests" name="invalidLoginTest_EmptyUserEmptyPassword" time="0.263"/>
  <testcase classname="tests.LoginTests" name="invalidLoginTest_EmptyUserEmptyPassword" time="0.243"/>
</testsuite> <!-- LoginTest -->
